0 info it worked if it ends with ok
1 verbose cli [ 'D:\\nodeJS\\node.exe',
1 verbose cli   'D:\\nodeJS\\node_modules\\npm\\bin\\npm-cli.js',
1 verbose cli   'start' ]
2 info using npm@3.10.10
3 info using node@v6.11.3
4 verbose run-script [ 'prestart', 'start', 'poststart' ]
5 info lifecycle express-tutorial@1.0.0~prestart: express-tutorial@1.0.0
6 silly lifecycle express-tutorial@1.0.0~prestart: no script for prestart, continuing
7 info lifecycle express-tutorial@1.0.0~start: express-tutorial@1.0.0
8 verbose lifecycle express-tutorial@1.0.0~start: unsafe-perm in lifecycle true
9 verbose lifecycle express-tutorial@1.0.0~start: PATH: D:\nodeJS\node_modules\npm\bin\node-gyp-bin;C:\Users\mskan\Desktop\workspace\nodeJSworkspace\node_modules\.bin;D:\AVRToolchain\bin;C:\ProgramData\Oracle\Java\javapath;C:\Windows\system32;C:\Windows;C:\Windows\System32\Wbem;C:\Windows\System32\WindowsPowerShell\v1.0\;C:\WINDOWS\system32;C:\WINDOWS;C:\WINDOWS\System32\Wbem;C:\WINDOWS\System32\WindowsPowerShell\v1.0\;C:\Program Files\Java\jdk1.8.0_101\bin;C:\Program Files\Microsoft SQL Server\130\Tools\Binn\;C:\Program Files (x86)\Skype\Phone\;C:\Program Files (x86)\Windows Live\Shared;C:\Program Files (x86)\Windows Kits\10\Windows Performance Toolkit\;C:\Program Files (x86)\NVIDIA Corporation\PhysX\Common;D:\Python3_6_1_64bit;D:\Python3_6_1_64bit\Scripts;D:\sqllite3;C:\Program Files\Git\cmd;C:\Program Files\PuTTY\;D:\nodeJS\;%SystemRoot%\system32;%SystemRoot%;%SystemRoot%\System32\Wbem;%SYSTEMROOT%\System32\WindowsPowerShell\v1.0\;C:\Users\mskan\AppData\Local\Microsoft\WindowsApps;D:\apache-maven\apache-maven-3.3.9\bin;C:\Program Files\Java\jdk1.8.0_101\bin;C:\Users\mskan\AppData\Roaming\npm;D:\VSCODE\Microsoft VS Code\bin;C:\Users\mskan\AppData\Local\Microsoft\WindowsApps;
10 verbose lifecycle express-tutorial@1.0.0~start: CWD: C:\Users\mskan\Desktop\workspace\nodeJSworkspace
11 silly lifecycle express-tutorial@1.0.0~start: Args: [ '/d /s /c', 'node server.js' ]
12 silly lifecycle express-tutorial@1.0.0~start: Returned: code: 3221225786  signal: null
13 info lifecycle express-tutorial@1.0.0~start: Failed to exec start script
14 verbose stack Error: express-tutorial@1.0.0 start: `node server.js`
14 verbose stack Exit status 3221225786
14 verbose stack     at EventEmitter.<anonymous> (D:\nodeJS\node_modules\npm\lib\utils\lifecycle.js:255:16)
14 verbose stack     at emitTwo (events.js:106:13)
14 verbose stack     at EventEmitter.emit (events.js:191:7)
14 verbose stack     at ChildProcess.<anonymous> (D:\nodeJS\node_modules\npm\lib\utils\spawn.js:40:14)
14 verbose stack     at emitTwo (events.js:106:13)
14 verbose stack     at ChildProcess.emit (events.js:191:7)
14 verbose stack     at maybeClose (internal/child_process.js:920:16)
14 verbose stack     at Process.ChildProcess._handle.onexit (internal/child_process.js:230:5)
15 verbose pkgid express-tutorial@1.0.0
16 verbose cwd C:\Users\mskan\Desktop\workspace\nodeJSworkspace
17 error Windows_NT 10.0.16299
18 error argv "D:\\nodeJS\\node.exe" "D:\\nodeJS\\node_modules\\npm\\bin\\npm-cli.js" "start"
19 error node v6.11.3
20 error npm  v3.10.10
21 error code ELIFECYCLE
22 error express-tutorial@1.0.0 start: `node server.js`
22 error Exit status 3221225786
23 error Failed at the express-tutorial@1.0.0 start script 'node server.js'.
23 error Make sure you have the latest version of node.js and npm installed.
23 error If you do, this is most likely a problem with the express-tutorial package,
23 error not with npm itself.
23 error Tell the author that this fails on your system:
23 error     node server.js
23 error You can get information on how to open an issue for this project with:
23 error     npm bugs express-tutorial
23 error Or if that isn't available, you can get their info via:
23 error     npm owner ls express-tutorial
23 error There is likely additional logging output above.
24 verbose exit [ 1, true ]
